2025-02-06 16:26:57,553 Scraping the article from The Hindu
2025-02-06 16:26:57,674 Sucessufully fetched article Reliance to double investments in West Bengal by end of decade, says Mukesh Ambani from https://www.thehindu.com/news/national/west-bengal/reliance-to-double-investments-in-west-bengal-by-end-of-decade-says-mukesh-ambani/article69184762.ece
2025-02-06 16:26:57,678 The_Hindu.md is written.
2025-02-06 16:26:57,678 Scraping the article from Times of India
2025-02-06 16:26:57,840 Sucessufully fetched article Delhi assembly elections 2025: As turnout dips, all eyes on Saturday score; votes cast lowest since 2008 from https://timesofindia.indiatimes.com/india/delhi-assembly-elections-2025-as-turnout-dips-all-eyes-on-saturday-score-votes-cast-lowest-since-2008/articleshow/117964440.cms
2025-02-06 16:26:57,844 Times_Of_India.md is written.
2025-02-06 16:36:13,204 Scraping the article from The Hindu
2025-02-06 16:36:13,313 Sucessufully fetched article Reliance to double investments in West Bengal by end of decade, says Mukesh Ambani from https://www.thehindu.com/news/national/west-bengal/reliance-to-double-investments-in-west-bengal-by-end-of-decade-says-mukesh-ambani/article69184762.ece
2025-02-06 16:36:13,318 The_Hindu.md is written.
2025-02-06 16:36:13,318 Scraping the article from Times of India
2025-02-06 16:36:13,545 Sucessufully fetched article Delhi assembly elections 2025: As turnout dips, all eyes on Saturday score; votes cast lowest since 2008 from https://timesofindia.indiatimes.com/india/delhi-assembly-elections-2025-as-turnout-dips-all-eyes-on-saturday-score-votes-cast-lowest-since-2008/articleshow/117964440.cms
2025-02-06 16:36:13,548 Times_Of_India.md is written.
2025-02-06 16:36:38,149 Scraping the article from The Hindu
2025-02-06 16:36:38,323 Sucessufully fetched article Reliance to double investments in West Bengal by end of decade, says Mukesh Ambani from https://www.thehindu.com/news/national/west-bengal/reliance-to-double-investments-in-west-bengal-by-end-of-decade-says-mukesh-ambani/article69184762.ece
2025-02-06 16:36:38,329 The_Hindu.md is written.
2025-02-06 16:36:38,329 Scraping the article from Times of India
2025-02-06 16:36:38,452 Sucessufully fetched article Delhi assembly elections 2025: As turnout dips, all eyes on Saturday score; votes cast lowest since 2008 from https://timesofindia.indiatimes.com/india/delhi-assembly-elections-2025-as-turnout-dips-all-eyes-on-saturday-score-votes-cast-lowest-since-2008/articleshow/117964440.cms
2025-02-06 16:36:38,457 Times_Of_India.md is written.
2025-02-06 16:37:49,551 Scraping the article from The Hindu
2025-02-06 16:37:49,676 Sucessufully fetched article Reliance to double investments in West Bengal by end of decade, says Mukesh Ambani from https://www.thehindu.com/news/national/west-bengal/reliance-to-double-investments-in-west-bengal-by-end-of-decade-says-mukesh-ambani/article69184762.ece
2025-02-06 16:37:49,682 The_Hindu.md is written.
2025-02-06 16:37:49,682 Scraping the article from Times of India
2025-02-06 16:37:49,812 Sucessufully fetched article Delhi assembly elections 2025: As turnout dips, all eyes on Saturday score; votes cast lowest since 2008 from https://timesofindia.indiatimes.com/india/delhi-assembly-elections-2025-as-turnout-dips-all-eyes-on-saturday-score-votes-cast-lowest-since-2008/articleshow/117964440.cms
2025-02-06 16:37:49,817 Times_Of_India.md is written.
2025-02-06 16:38:18,648 Scraping the article from The Hindu
2025-02-06 16:38:18,800 Sucessufully fetched article Reliance to double investments in West Bengal by end of decade, says Mukesh Ambani from https://www.thehindu.com/news/national/west-bengal/reliance-to-double-investments-in-west-bengal-by-end-of-decade-says-mukesh-ambani/article69184762.ece
2025-02-06 16:38:18,805 The_Hindu.md is written.
2025-02-06 16:38:18,805 Scraping the article from Times of India
2025-02-06 16:38:18,954 Sucessufully fetched article Delhi assembly elections 2025: As turnout dips, all eyes on Saturday score; votes cast lowest since 2008 from https://timesofindia.indiatimes.com/india/delhi-assembly-elections-2025-as-turnout-dips-all-eyes-on-saturday-score-votes-cast-lowest-since-2008/articleshow/117964440.cms
2025-02-06 16:38:18,959 Times_Of_India.md is written.
2025-02-06 16:39:04,099 Scraping the article from The Hindu
2025-02-06 16:39:04,242 Sucessufully fetched article Reliance to double investments in West Bengal by end of decade, says Mukesh Ambani from https://www.thehindu.com/news/national/west-bengal/reliance-to-double-investments-in-west-bengal-by-end-of-decade-says-mukesh-ambani/article69184762.ece
2025-02-06 16:39:04,248 The_Hindu.md is written.
2025-02-06 16:39:04,249 Scraping the article from Times of India
2025-02-06 16:39:04,391 Sucessufully fetched article Delhi assembly elections 2025: As turnout dips, all eyes on Saturday score; votes cast lowest since 2008 from https://timesofindia.indiatimes.com/india/delhi-assembly-elections-2025-as-turnout-dips-all-eyes-on-saturday-score-votes-cast-lowest-since-2008/articleshow/117964440.cms
2025-02-06 16:39:04,397 Times_Of_India.md is written.
2025-02-06 16:39:11,567 Scraping the article from The Hindu
2025-02-06 16:39:11,722 Sucessufully fetched article Reliance to double investments in West Bengal by end of decade, says Mukesh Ambani from https://www.thehindu.com/news/national/west-bengal/reliance-to-double-investments-in-west-bengal-by-end-of-decade-says-mukesh-ambani/article69184762.ece
2025-02-06 16:39:11,730 The_Hindu.md is written.
2025-02-06 16:39:11,731 Scraping the article from Times of India
2025-02-06 16:39:11,884 Sucessufully fetched article Delhi assembly elections 2025: As turnout dips, all eyes on Saturday score; votes cast lowest since 2008 from https://timesofindia.indiatimes.com/india/delhi-assembly-elections-2025-as-turnout-dips-all-eyes-on-saturday-score-votes-cast-lowest-since-2008/articleshow/117964440.cms
2025-02-06 16:39:11,888 Times_Of_India.md is written.
2025-02-06 16:39:38,449 Scraping the article from The Hindu
2025-02-06 16:39:38,656 Sucessufully fetched article Reliance to double investments in West Bengal by end of decade, says Mukesh Ambani from https://www.thehindu.com/news/national/west-bengal/reliance-to-double-investments-in-west-bengal-by-end-of-decade-says-mukesh-ambani/article69184762.ece
2025-02-06 16:39:38,661 The_Hindu.md is written.
2025-02-06 16:39:38,662 Scraping the article from Times of India
2025-02-06 16:39:38,829 Sucessufully fetched article Delhi assembly elections 2025: As turnout dips, all eyes on Saturday score; votes cast lowest since 2008 from https://timesofindia.indiatimes.com/india/delhi-assembly-elections-2025-as-turnout-dips-all-eyes-on-saturday-score-votes-cast-lowest-since-2008/articleshow/117964440.cms
2025-02-06 16:39:38,833 Times_Of_India.md is written.
2025-02-06 16:40:06,470 Scraping the article from The Hindu
2025-02-06 16:40:06,579 Sucessufully fetched article Reliance to double investments in West Bengal by end of decade, says Mukesh Ambani from https://www.thehindu.com/news/national/west-bengal/reliance-to-double-investments-in-west-bengal-by-end-of-decade-says-mukesh-ambani/article69184762.ece
2025-02-06 16:40:06,584 The_Hindu.md is written.
2025-02-06 16:40:06,584 Scraping the article from Times of India
2025-02-06 16:40:06,685 Sucessufully fetched article Delhi assembly elections 2025: As turnout dips, all eyes on Saturday score; votes cast lowest since 2008 from https://timesofindia.indiatimes.com/india/delhi-assembly-elections-2025-as-turnout-dips-all-eyes-on-saturday-score-votes-cast-lowest-since-2008/articleshow/117964440.cms
2025-02-06 16:40:06,689 Times_Of_India.md is written.
